
> app@0.1.0 build
> next build

   ▲ Next.js 15.3.1
   - Environments: .env

   Creating an optimized production build ...
 ✓ Compiled successfully in 1000ms
   Linting and checking validity of types ...

./src/app/page.tsx
3:8  Warning: 'ThemeSelector' is defined but never used.  @typescript-eslint/no-unused-vars

./src/app/student/create-tournament/page.tsx
2:38  Warning: 'useRef' is defined but never used.  @typescript-eslint/no-unused-vars
26:12  Warning: 'created' is assigned a value but never used.  @typescript-eslint/no-unused-vars
27:12  Warning: 'tournamentCode' is assigned a value but never used.  @typescript-eslint/no-unused-vars
128:11  Warning: 'handleThemeToggle' is assigned a value but never used.  @typescript-eslint/no-unused-vars

./src/app/tournament/[code]/page.tsx
38:12  Warning: 'result' is assigned a value but never used.  @typescript-eslint/no-unused-vars
41:12  Warning: 'myPseudo' is assigned a value but never used.  @typescript-eslint/no-unused-vars
42:12  Warning: 'myAvatar' is assigned a value but never used.  @typescript-eslint/no-unused-vars
202:8  Warning: React Hook useEffect has a missing dependency: 'isDiffered'. Either include it or remove the dependency array.  react-hooks/exhaustive-deps

./src/components/QuestionSelector.tsx
65:8  Warning: React Hook useEffect has a missing dependency: 'selectedQuestionsMap'. Either include it or remove the dependency array.  react-hooks/exhaustive-deps

./src/components/ThemeSelector.tsx
1:8  Warning: 'React' is defined but never used.  @typescript-eslint/no-unused-vars

info  - Need to disable some ESLint rules? Learn more here: https://nextjs.org/docs/app/api-reference/config/eslint#disabling-rules
Failed to compile.

./src/components/AppNav.tsx:197:69
Type error: Element implicitly has an 'any' type because expression of type 'string' can't be used to index type '{ Accueil: ForwardRefExoticComponent<Omit<LucideProps, "ref"> & RefAttributes<SVGSVGElement>>; ... 9 more ...; Déconnexion: ForwardRefExoticComponent<...>; }'.
  No index signature with a parameter of type 'string' was found on type '{ Accueil: ForwardRefExoticComponent<Omit<LucideProps, "ref"> & RefAttributes<SVGSVGElement>>; ... 9 more ...; Déconnexion: ForwardRefExoticComponent<...>; }'.

[0m [90m 195 |[39m                                             [33m<[39m[33mdiv[39m className[33m=[39m[32m"ml-8 mt-1 space-y-1"[39m[33m>[39m[0m
[0m [90m 196 |[39m                                                 {item[33m.[39msubmenu[33m.[39mmap((sub) [33m=>[39m {[0m
[0m[31m[1m>[22m[39m[90m 197 |[39m                                                     [36mconst[39m [33mSubIcon[39m [33m=[39m iconMap[sub[33m.[39mlabel] [33m||[39m [33mHome[39m[33m;[39m[0m
[0m [90m     |[39m                                                                     [31m[1m^[22m[39m[0m
[0m [90m 198 |[39m                                                     [36mreturn[39m ([0m
[0m [90m 199 |[39m                                                         [33m<[39m[33mLink[39m key[33m=[39m{sub[33m.[39mhref} href[33m=[39m{sub[33m.[39mhref} className[33m=[39m[32m"flex items-center gap-2 px-2 py-2 rounded hover:bg-gray-800 text-sm"[39m[33m>[39m[0m
[0m [90m 200 |[39m                                                             [33m<[39m[33mSubIcon[39m className[33m=[39m[32m"w-4 h-4"[39m [33m/[39m[33m>[39m[0m
Next.js build worker exited with code: 1 and signal: null
